<?xml version="1.0" encoding="UTF-8"?>
<testng-results ignored="0" total="1" passed="1" failed="0" skipped="0">
  <reporter-output>
  </reporter-output>
  <suite started-at="2021-04-21T13:44:39 IST" name="Default suite" finished-at="2021-04-21T13:44:47 IST" duration-ms="8121">
    <groups>
    </groups>
    <test started-at="2021-04-21T13:44:39 IST" name="Default test" finished-at="2021-04-21T13:44:47 IST" duration-ms="8121">
      <class name="Test.Jenkins">
        <test-method signature="url()[pri:1, instance:Test.Jenkins@484970b0]" started-at="2021-04-21T13:44:39 IST" name="url" finished-at="2021-04-21T13:44:47 IST" duration-ms="8054" status="PASS">
          <reporter-output>
          </reporter-output>
        </test-method> <!-- url -->
      </class> <!-- Test.Jenkins -->
    </test> <!-- Default test -->
  </suite> <!-- Default suite -->
</testng-results>
